<?xml version="1.0" encoding="UTF-8"?>
<!-- Generated by org.testng.reporters.JUnitReportReporter -->
<testsuite hostname="globallogic-HP-ProBook-640-G5" failures="0" tests="2" name="com.qa.test.DemoTest" time="0.015" errors="0" timestamp="3 Jun 2020 09:46:35 GMT">
  <testcase classname="com.qa.test.DemoTest" name="testMultiply" time="0.013"/>
  <testcase classname="com.qa.test.DemoTest" name="testSum" time="0.002"/>
</testsuite> <!-- com.qa.test.DemoTest -->
