<?xml version="1.0" encoding="UTF-8"?>
<!-- Generated by org.testng.reporters.JUnitReportReporter -->
<testsuite hostname="globallogic-HP-ProBook-640-G5" failures="0" tests="2" name="com.qa.test.DemoTest2" time="0.010" errors="0" timestamp="3 Jun 2020 07:23:03 GMT">
  <testcase classname="com.qa.test.DemoTest2" name="testDIv" time="0.009"/>
  <testcase classname="com.qa.test.DemoTest2" name="testSub" time="0.001"/>
</testsuite> <!-- com.qa.test.DemoTest2 -->
